{"name": "test_decorator_steps", "status": "failed", "statusDetails": {"message": "selene.core.exceptions.TimeoutException: Message: \n\nTimed out after 4s, while waiting for:\nbrowser.element(('css selector', '#issues-tab')).click\n\nReason: NoSuchElementException: Message: no such element: Unable to locate element: {\"method\":\"css selector\",\"selector\":\"#issues-tab\"}\n  (Session info: chrome=108.0.5359.126)\nStacktrace:\nBacktrace:\n\t(No symbol) [0x00E5F243]\n\t(No symbol) [0x00DE7FD1]\n\t(No symbol) [0x00CDD04D]\n\t(No symbol) [0x00D0C0B0]\n\t(No symbol) [0x00D0C22B]\n\t(No symbol) [0x00D3E612]\n\t(No symbol) [0x00D285D4]\n\t(No symbol) [0x00D3C9EB]\n\t(No symbol) [0x00D28386]\n\t(No symbol) [0x00D0163C]\n\t(No symbol) [0x00D0269D]\n\tGetHandleVerifier [0x010F9A22+2655074]\n\tGetHandleVerifier [0x010ECA24+2601828]\n\tGetHandleVerifier [0x00F08C0A+619850]\n\tGetHandleVerifier [0x00F07830+614768]\n\t(No symbol) [0x00DF05FC]\n\t(No symbol) [0x00DF5968]\n\t(No symbol) [0x00DF5A55]\n\t(No symbol) [0x00E0051B]\n\tBaseThreadInitThunk [0x75E700F9+25]\n\tRtlGetAppContainerNamedObjectPath [0x77DB7BBE+286]\n\tRtlGetAppContainerNamedObjectPath [0x77DB7B8E+238]\n\nScreenshot: file://C:\\Users\\Elvira\\.selene\\screenshots\\1673892209713\\1673892209714.png\nPageSource: file://C:\\Users\\Elvira\\.selene\\screenshots\\1673892209713\\1673892209714.html", "trace": "fn = <selene.core.wait.Command object at 0x000001F21AAC8E90>\n\n    @self._decorator(self)\n    def _(fn: Callable[[E], R]) -> R:\n        finish_time = time.time() + self._timeout\n    \n        while True:\n            try:\n>               return fn(self.entity)\n\nvenv\\Lib\\site-packages\\selene\\core\\wait.py:122: \n_ _ _ _ _ _ _ _ _ _ _ _ _ _ _ _ _ _ _ _ _ _ _ _ _ _ _ _ _ _ _ _ _ _ _ _ _ _ _ _\n\nself = <selene.core.wait.Command object at 0x000001F21AAC8E90>\nentity = <selene.core.entity.Element object at 0x000001F21AAC8B50>\n\n    def __call__(self, entity: T) -> R:\n>       return self._fn(entity)\n\nvenv\\Lib\\site-packages\\selene\\core\\wait.py:61: \n_ _ _ _ _ _ _ _ _ _ _ _ _ _ _ _ _ _ _ _ _ _ _ _ _ _ _ _ _ _ _ _ _ _ _ _ _ _ _ _\n\nelement = <selene.core.entity.Element object at 0x000001F21AAC8B50>\n\n>       else Command('click', lambda element: element().click())\n    )\n\nvenv\\Lib\\site-packages\\selene\\core\\entity.py:528: \n_ _ _ _ _ _ _ _ _ _ _ _ _ _ _ _ _ _ _ _ _ _ _ _ _ _ _ _ _ _ _ _ _ _ _ _ _ _ _ _\n\nself = <selene.core.entity.Element object at 0x000001F21AAC8B50>\n\n    def __call__(self) -> WebElement:\n>       return self.locate()\n\nvenv\\Lib\\site-packages\\selene\\core\\entity.py:186: \n_ _ _ _ _ _ _ _ _ _ _ _ _ _ _ _ _ _ _ _ _ _ _ _ _ _ _ _ _ _ _ _ _ _ _ _ _ _ _ _\n\nself = <selene.core.entity.Element object at 0x000001F21AAC8B50>\n\n    def locate(self) -> WebElement:\n>       return self._locator()\n\nvenv\\Lib\\site-packages\\selene\\core\\entity.py:179: \n_ _ _ _ _ _ _ _ _ _ _ _ _ _ _ _ _ _ _ _ _ _ _ _ _ _ _ _ _ _ _ _ _ _ _ _ _ _ _ _\n\nself = <selene.core.locator.Locator object at 0x000001F21AAC8850>\n\n    def __call__(self) -> T:\n>       return self._locate()\n\nvenv\\Lib\\site-packages\\selene\\core\\locator.py:34: \n_ _ _ _ _ _ _ _ _ _ _ _ _ _ _ _ _ _ _ _ _ _ _ _ _ _ _ _ _ _ _ _ _ _ _ _ _ _ _ _\n\n>           f'{self}.element({by})', lambda: self.driver.find_element(*by)\n        ),\n        self.config,\n    )\n\nvenv\\Lib\\site-packages\\selene\\core\\entity.py:1132: \n_ _ _ _ _ _ _ _ _ _ _ _ _ _ _ _ _ _ _ _ _ _ _ _ _ _ _ _ _ _ _ _ _ _ _ _ _ _ _ _\n\nself = <selenium.webdriver.chrome.webdriver.WebDriver (session=\"621b1441a0c232ef22054cac94b8aca3\")>\nby = 'css selector', value = '#issues-tab'\n\n    def find_element(self, by=By.ID, value=None) -> WebElement:\n        \"\"\"\n        Find an element given a By strategy and locator.\n    \n        :Usage:\n            ::\n    \n                element = driver.find_element(By.ID, 'foo')\n    \n        :rtype: WebElement\n        \"\"\"\n        if isinstance(by, RelativeBy):\n            elements = self.find_elements(by=by, value=value)\n            if not elements:\n                raise NoSuchElementException(f\"Cannot locate relative element with: {by.root}\")\n            return elements[0]\n    \n        if by == By.ID:\n            by = By.CSS_SELECTOR\n            value = '[id=\"%s\"]' % value\n        elif by == By.CLASS_NAME:\n            by = By.CSS_SELECTOR\n            value = \".%s\" % value\n        elif by == By.NAME:\n            by = By.CSS_SELECTOR\n            value = '[name=\"%s\"]' % value\n    \n>       return self.execute(Command.FIND_ELEMENT, {\n            'using': by,\n            'value': value})['value']\n\nvenv\\Lib\\site-packages\\selenium\\webdriver\\remote\\webdriver.py:855: \n_ _ _ _ _ _ _ _ _ _ _ _ _ _ _ _ _ _ _ _ _ _ _ _ _ _ _ _ _ _ _ _ _ _ _ _ _ _ _ _\n\nself = <selenium.webdriver.chrome.webdriver.WebDriver (session=\"621b1441a0c232ef22054cac94b8aca3\")>\ndriver_command = 'findElement'\nparams = {'using': 'css selector', 'value': '#issues-tab'}\n\n    def execute(self, driver_command: str, params: dict = None) -> dict:\n        \"\"\"\n        Sends a command to be executed by a command.CommandExecutor.\n    \n        :Args:\n         - driver_command: The name of the command to execute as a string.\n         - params: A dictionary of named parameters to send with the command.\n    \n        :Returns:\n          The command's JSON response loaded into a dictionary object.\n        \"\"\"\n        if self.session_id:\n            if not params:\n                params = {'sessionId': self.session_id}\n            elif 'sessionId' not in params:\n                params['sessionId'] = self.session_id\n    \n        params = self._wrap_value(params)\n        response = self.command_executor.execute(driver_command, params)\n        if response:\n>           self.error_handler.check_response(response)\n\nvenv\\Lib\\site-packages\\selenium\\webdriver\\remote\\webdriver.py:428: \n_ _ _ _ _ _ _ _ _ _ _ _ _ _ _ _ _ _ _ _ _ _ _ _ _ _ _ _ _ _ _ _ _ _ _ _ _ _ _ _\n\nself = <selenium.webdriver.remote.errorhandler.ErrorHandler object at 0x000001F21AA985D0>\nresponse = {'status': 404, 'value': '{\"value\":{\"error\":\"no such element\",\"message\":\"no such element: Unable to locate element: {\\...\\n\\\\tRtlGetAppContainerNamedObjectPath [0x77DB7BBE+286]\\\\n\\\\tRtlGetAppContainerNamedObjectPath [0x77DB7B8E+238]\\\\n\"}}'}\n\n    def check_response(self, response: Dict[str, Any]) -> None:\n        \"\"\"\n        Checks that a JSON response from the WebDriver does not have an error.\n    \n        :Args:\n         - response - The JSON response from the WebDriver server as a dictionary\n           object.\n    \n        :Raises: If the response contains an error message.\n        \"\"\"\n        status = response.get('status', None)\n        if not status or status == ErrorCode.SUCCESS:\n            return\n        value = None\n        message = response.get(\"message\", \"\")\n        screen: str = response.get(\"screen\", \"\")\n        stacktrace = None\n        if isinstance(status, int):\n            value_json = response.get('value', None)\n            if value_json and isinstance(value_json, str):\n                import json\n                try:\n                    value = json.loads(value_json)\n                    if len(value.keys()) == 1:\n                        value = value['value']\n                    status = value.get('error', None)\n                    if not status:\n                        status = value.get(\"status\", ErrorCode.UNKNOWN_ERROR)\n                        message = value.get(\"value\") or value.get(\"message\")\n                        if not isinstance(message, str):\n                            value = message\n                            message = message.get('message')\n                    else:\n                        message = value.get('message', None)\n                except ValueError:\n                    pass\n    \n        exception_class: Type[WebDriverException]\n        if status in ErrorCode.NO_SUCH_ELEMENT:\n            exception_class = NoSuchElementException\n        elif status in ErrorCode.NO_SUCH_FRAME:\n            exception_class = NoSuchFrameException\n        elif status in ErrorCode.NO_SUCH_SHADOW_ROOT:\n            exception_class = NoSuchShadowRootException\n        elif status in ErrorCode.NO_SUCH_WINDOW:\n            exception_class = NoSuchWindowException\n        elif status in ErrorCode.STALE_ELEMENT_REFERENCE:\n            exception_class = StaleElementReferenceException\n        elif status in ErrorCode.ELEMENT_NOT_VISIBLE:\n            exception_class = ElementNotVisibleException\n        elif status in ErrorCode.INVALID_ELEMENT_STATE:\n            exception_class = InvalidElementStateException\n        elif status in ErrorCode.INVALID_SELECTOR \\\n                or status in ErrorCode.INVALID_XPATH_SELECTOR \\\n                or status in ErrorCode.INVALID_XPATH_SELECTOR_RETURN_TYPER:\n            exception_class = InvalidSelectorException\n        elif status in ErrorCode.ELEMENT_IS_NOT_SELECTABLE:\n            exception_class = ElementNotSelectableException\n        elif status in ErrorCode.ELEMENT_NOT_INTERACTABLE:\n            exception_class = ElementNotInteractableException\n        elif status in ErrorCode.INVALID_COOKIE_DOMAIN:\n            exception_class = InvalidCookieDomainException\n        elif status in ErrorCode.UNABLE_TO_SET_COOKIE:\n            exception_class = UnableToSetCookieException\n        elif status in ErrorCode.TIMEOUT:\n            exception_class = TimeoutException\n        elif status in ErrorCode.SCRIPT_TIMEOUT:\n            exception_class = TimeoutException\n        elif status in ErrorCode.UNKNOWN_ERROR:\n            exception_class = WebDriverException\n        elif status in ErrorCode.UNEXPECTED_ALERT_OPEN:\n            exception_class = UnexpectedAlertPresentException\n        elif status in ErrorCode.NO_ALERT_OPEN:\n            exception_class = NoAlertPresentException\n        elif status in ErrorCode.IME_NOT_AVAILABLE:\n            exception_class = ImeNotAvailableException\n        elif status in ErrorCode.IME_ENGINE_ACTIVATION_FAILED:\n            exception_class = ImeActivationFailedException\n        elif status in ErrorCode.MOVE_TARGET_OUT_OF_BOUNDS:\n            exception_class = MoveTargetOutOfBoundsException\n        elif status in ErrorCode.JAVASCRIPT_ERROR:\n            exception_class = JavascriptException\n        elif status in ErrorCode.SESSION_NOT_CREATED:\n            exception_class = SessionNotCreatedException\n        elif status in ErrorCode.INVALID_ARGUMENT:\n            exception_class = InvalidArgumentException\n        elif status in ErrorCode.NO_SUCH_COOKIE:\n            exception_class = NoSuchCookieException\n        elif status in ErrorCode.UNABLE_TO_CAPTURE_SCREEN:\n            exception_class = ScreenshotException\n        elif status in ErrorCode.ELEMENT_CLICK_INTERCEPTED:\n            exception_class = ElementClickInterceptedException\n        elif status in ErrorCode.INSECURE_CERTIFICATE:\n            exception_class = InsecureCertificateException\n        elif status in ErrorCode.INVALID_COORDINATES:\n            exception_class = InvalidCoordinatesException\n        elif status in ErrorCode.INVALID_SESSION_ID:\n            exception_class = InvalidSessionIdException\n        elif status in ErrorCode.UNKNOWN_METHOD:\n            exception_class = UnknownMethodException\n        else:\n            exception_class = WebDriverException\n        if not value:\n            value = response['value']\n        if isinstance(value, str):\n            raise exception_class(value)\n        if message == \"\" and 'message' in value:\n            message = value['message']\n    \n        screen = None  # type: ignore[assignment]\n        if 'screen' in value:\n            screen = value['screen']\n    \n        stacktrace = None\n        st_value = value.get('stackTrace') or value.get('stacktrace')\n        if st_value:\n            if isinstance(st_value, str):\n                stacktrace = st_value.split('\\n')\n            else:\n                stacktrace = []\n                try:\n                    for frame in st_value:\n                        line = frame.get(\"lineNumber\", \"\")\n                        file = frame.get(\"fileName\", \"<anonymous>\")\n                        if line:\n                            file = f\"{file}:{line}\"\n                        meth = frame.get('methodName', '<anonymous>')\n                        if 'className' in frame:\n                            meth = \"{}.{}\".format(frame['className'], meth)\n                        msg = \"    at %s (%s)\"\n                        msg = msg % (meth, file)\n                        stacktrace.append(msg)\n                except TypeError:\n                    pass\n        if exception_class == UnexpectedAlertPresentException:\n            alert_text = None\n            if 'data' in value:\n                alert_text = value['data'].get('text')\n            elif 'alert' in value:\n                alert_text = value['alert'].get('text')\n            raise exception_class(message, screen, stacktrace, alert_text)  # type: ignore[call-arg]  # mypy is not smart enough here\n>       raise exception_class(message, screen, stacktrace)\nE       selenium.common.exceptions.NoSuchElementException: Message: no such element: Unable to locate element: {\"method\":\"css selector\",\"selector\":\"#issues-tab\"}\nE         (Session info: chrome=108.0.5359.126)\nE       Stacktrace:\nE       Backtrace:\nE       \t(No symbol) [0x00E5F243]\nE       \t(No symbol) [0x00DE7FD1]\nE       \t(No symbol) [0x00CDD04D]\nE       \t(No symbol) [0x00D0C0B0]\nE       \t(No symbol) [0x00D0C22B]\nE       \t(No symbol) [0x00D3E612]\nE       \t(No symbol) [0x00D285D4]\nE       \t(No symbol) [0x00D3C9EB]\nE       \t(No symbol) [0x00D28386]\nE       \t(No symbol) [0x00D0163C]\nE       \t(No symbol) [0x00D0269D]\nE       \tGetHandleVerifier [0x010F9A22+2655074]\nE       \tGetHandleVerifier [0x010ECA24+2601828]\nE       \tGetHandleVerifier [0x00F08C0A+619850]\nE       \tGetHandleVerifier [0x00F07830+614768]\nE       \t(No symbol) [0x00DF05FC]\nE       \t(No symbol) [0x00DF5968]\nE       \t(No symbol) [0x00DF5A55]\nE       \t(No symbol) [0x00E0051B]\nE       \tBaseThreadInitThunk [0x75E700F9+25]\nE       \tRtlGetAppContainerNamedObjectPath [0x77DB7BBE+286]\nE       \tRtlGetAppContainerNamedObjectPath [0x77DB7B8E+238]\n\nvenv\\Lib\\site-packages\\selenium\\webdriver\\remote\\errorhandler.py:243: NoSuchElementException\n\nDuring handling of the above exception, another exception occurred:\n\n    def test_decorator_steps():\n        open_main_page()\n        search_for_repository('eroshenkoam/allure-example')\n        go_to_repository('eroshenkoam/allure-example')\n>       open_issue_tab()\n\ntest_steps.py:31: \n_ _ _ _ _ _ _ _ _ _ _ _ _ _ _ _ _ _ _ _ _ _ _ _ _ _ _ _ _ _ _ _ _ _ _ _ _ _ _ _\ntest_steps.py:53: in open_issue_tab\n    s('#issues-tab').click()\nvenv\\Lib\\site-packages\\selene\\core\\entity.py:525: in click\n    self.wait.for_(\nvenv\\Lib\\site-packages\\selene\\core\\wait.py:147: in for_\n    return _(fn)\n_ _ _ _ _ _ _ _ _ _ _ _ _ _ _ _ _ _ _ _ _ _ _ _ _ _ _ _ _ _ _ _ _ _ _ _ _ _ _ _\n\nfn = <selene.core.wait.Command object at 0x000001F21AAC8E90>\n\n    @self._decorator(self)\n    def _(fn: Callable[[E], R]) -> R:\n        finish_time = time.time() + self._timeout\n    \n        while True:\n            try:\n                return fn(self.entity)\n            except Exception as reason:\n                if time.time() > finish_time:\n    \n                    reason_message = str(reason)\n    \n                    reason_string = '{name}: {message}'.format(\n                        name=reason.__class__.__name__,\n                        message=reason_message,\n                    )\n                    # todo: think on how can we improve logging failures in selene, e.g. reverse msg and stacktrace\n                    # stacktrace = getattr(reason, 'stacktrace', None)\n                    timeout = self._timeout\n                    entity = self.entity\n    \n                    failure = TimeoutException(\n                        f'\\n'\n                        f'\\nTimed out after {timeout}s, while waiting for:'\n                        f'\\n{entity}.{fn}'\n                        f'\\n'\n                        f'\\nReason: {reason_string}'\n                    )\n    \n>                   raise self._hook_failure(failure)\nE                   selene.core.exceptions.TimeoutException: Message: \nE                   \nE                   Timed out after 4s, while waiting for:\nE                   browser.element(('css selector', '#issues-tab')).click\nE                   \nE                   Reason: NoSuchElementException: Message: no such element: Unable to locate element: {\"method\":\"css selector\",\"selector\":\"#issues-tab\"}\nE                     (Session info: chrome=108.0.5359.126)\nE                   Stacktrace:\nE                   Backtrace:\nE                   \t(No symbol) [0x00E5F243]\nE                   \t(No symbol) [0x00DE7FD1]\nE                   \t(No symbol) [0x00CDD04D]\nE                   \t(No symbol) [0x00D0C0B0]\nE                   \t(No symbol) [0x00D0C22B]\nE                   \t(No symbol) [0x00D3E612]\nE                   \t(No symbol) [0x00D285D4]\nE                   \t(No symbol) [0x00D3C9EB]\nE                   \t(No symbol) [0x00D28386]\nE                   \t(No symbol) [0x00D0163C]\nE                   \t(No symbol) [0x00D0269D]\nE                   \tGetHandleVerifier [0x010F9A22+2655074]\nE                   \tGetHandleVerifier [0x010ECA24+2601828]\nE                   \tGetHandleVerifier [0x00F08C0A+619850]\nE                   \tGetHandleVerifier [0x00F07830+614768]\nE                   \t(No symbol) [0x00DF05FC]\nE                   \t(No symbol) [0x00DF5968]\nE                   \t(No symbol) [0x00DF5A55]\nE                   \t(No symbol) [0x00E0051B]\nE                   \tBaseThreadInitThunk [0x75E700F9+25]\nE                   \tRtlGetAppContainerNamedObjectPath [0x77DB7BBE+286]\nE                   \tRtlGetAppContainerNamedObjectPath [0x77DB7B8E+238]\nE                   \nE                   Screenshot: file://C:\\Users\\Elvira\\.selene\\screenshots\\1673892209713\\1673892209714.png\nE                   PageSource: file://C:\\Users\\Elvira\\.selene\\screenshots\\1673892209713\\1673892209714.html\n\nvenv\\Lib\\site-packages\\selene\\core\\wait.py:145: TimeoutException"}, "steps": [{"name": "Открываем главную страницу", "status": "passed", "start": 1673892209717, "stop": 1673892214325}, {"name": "Ищем репозиторий 'eroshenkoam/allure-example'", "status": "passed", "parameters": [{"name": "repo", "value": "'eroshenkoam/allure-example'"}], "start": 1673892214325, "stop": 1673892215718}, {"name": "Переходим по ссылке репозитория 'eroshenkoam/allure-example'", "status": "passed", "parameters": [{"name": "repo", "value": "'eroshenkoam/allure-example'"}], "start": 1673892215719, "stop": 1673892215799}, {"name": "Открываем таб Issues", "status": "failed", "statusDetails": {"message": "selene.core.exceptions.TimeoutException: Message: \n\nTimed out after 4s, while waiting for:\nbrowser.element(('css selector', '#issues-tab')).click\n\nReason: NoSuchElementException: Message: no such element: Unable to locate element: {\"method\":\"css selector\",\"selector\":\"#issues-tab\"}\n  (Session info: chrome=108.0.5359.126)\nStacktrace:\nBacktrace:\n\t(No symbol) [0x00E5F243]\n\t(No symbol) [0x00DE7FD1]\n\t(No symbol) [0x00CDD04D]\n\t(No symbol) [0x00D0C0B0]\n\t(No symbol) [0x00D0C22B]\n\t(No symbol) [0x00D3E612]\n\t(No symbol) [0x00D285D4]\n\t(No symbol) [0x00D3C9EB]\n\t(No symbol) [0x00D28386]\n\t(No symbol) [0x00D0163C]\n\t(No symbol) [0x00D0269D]\n\tGetHandleVerifier [0x010F9A22+2655074]\n\tGetHandleVerifier [0x010ECA24+2601828]\n\tGetHandleVerifier [0x00F08C0A+619850]\n\tGetHandleVerifier [0x00F07830+614768]\n\t(No symbol) [0x00DF05FC]\n\t(No symbol) [0x00DF5968]\n\t(No symbol) [0x00DF5A55]\n\t(No symbol) [0x00E0051B]\n\tBaseThreadInitThunk [0x75E700F9+25]\n\tRtlGetAppContainerNamedObjectPath [0x77DB7BBE+286]\n\tRtlGetAppContainerNamedObjectPath [0x77DB7B8E+238]\n\nScreenshot: file://C:\\Users\\Elvira\\.selene\\screenshots\\1673892209713\\1673892209714.png\nPageSource: file://C:\\Users\\Elvira\\.selene\\screenshots\\1673892209713\\1673892209714.html\n\n", "trace": "  File \"C:\\Users\\Elvira\\PycharmProjects\\qa_quru\\pythonProject\\allure_reports_3_7\\venv\\Lib\\site-packages\\allure_commons\\_allure.py\", line 192, in impl\n    return func(*a, **kw)\n           ^^^^^^^^^^^^^^\n  File \"C:\\Users\\Elvira\\PycharmProjects\\qa_quru\\pythonProject\\allure_reports_3_7\\test_steps.py\", line 53, in open_issue_tab\n    s('#issues-tab').click()\n  File \"C:\\Users\\Elvira\\PycharmProjects\\qa_quru\\pythonProject\\allure_reports_3_7\\venv\\Lib\\site-packages\\selene\\core\\entity.py\", line 525, in click\n    self.wait.for_(\n  File \"C:\\Users\\Elvira\\PycharmProjects\\qa_quru\\pythonProject\\allure_reports_3_7\\venv\\Lib\\site-packages\\selene\\core\\wait.py\", line 147, in for_\n    return _(fn)\n           ^^^^^\n  File \"C:\\Users\\Elvira\\PycharmProjects\\qa_quru\\pythonProject\\allure_reports_3_7\\venv\\Lib\\site-packages\\selene\\core\\wait.py\", line 145, in _\n    raise self._hook_failure(failure)\n"}, "start": 1673892215799, "stop": 1673892219927}], "start": 1673892209717, "stop": 1673892219929, "uuid": "7cc7579e-71f7-440b-999e-49a7b7f4a1a6", "historyId": "7703cdd681d069193edbbfe228b562e1", "testCaseId": "1c50a482b5b995c851f3a0f28da0a39b", "fullName": "test_steps#test_decorator_steps", "labels": [{"name": "suite", "value": "test_steps"}, {"name": "host", "value": "DESKTOP-CAMU49J"}, {"name": "thread", "value": "16568-MainThread"}, {"name": "framework", "value": "pytest"}, {"name": "language", "value": "cpython3"}, {"name": "package", "value": "test_steps"}]}